https://cs.jhu.edu/~yarowsky
http://www.cs.jhu.edu
http://www.cs.jhu.edu/~svitlana/workshop.html
http://www.cs.jhu.edu/~yarowsky/cs415.html
http://www.cs.jhu.edu/~yarowsky/cs466.html
http://www.cs.jhu.edu/~yarowsky/pubs.html
http://www.cs.jhu.edu/~yarowsky/sigdat.html
http://cs.jhu.edu/EMNLP-CoNLL-2007/
http://www.cs.jhu.edu/ACL2014/CallforPapers.htm
http://www.cs.jhu.edu/~svitlana/
http://www.cs.jhu.edu/~vandurme/
http://www.cs.jhu.edu/~yarowsky/
http://www.cs.jhu.edu/~yarowsky/415.on_exam.html
http://www.cs.jhu.edu/~yarowsky/466.officehours.html
http://www.cs.jhu.edu/~yarowsky/466.survey.pdf
http://www.cs.jhu.edu/~yarowsky/600.415.HW3notes.pdf
http://www.cs.jhu.edu/~yarowsky/600.415.l0.pdf
http://www.cs.jhu.edu/~yarowsky/600.415.stored-procedures/MySQL-PHP-and-Perl.pdf
http://www.cs.jhu.edu/~yarowsky/600.415.stored-procedures/dbase_MySQL.pdf
http://www.cs.jhu.edu/~yarowsky/600.415.stored-procedures/mysql-storedprocedures.pdf
http://www.cs.jhu.edu/~yarowsky/600.415.stored-procedures/mysql-views.pdf
http://www.cs.jhu.edu/~yarowsky/601.415.hw1.pdf
http://www.cs.jhu.edu/~yarowsky/601.415.hw1sol.pdf
http://www.cs.jhu.edu/~yarowsky/601.415.hw2.pdf
http://www.cs.jhu.edu/~yarowsky/601.415.hw3.pdf
http://www.cs.jhu.edu/~yarowsky/601.415.hw4.pdf
http://www.cs.jhu.edu/~yarowsky/601.415.hw4sol.pdf
http://www.cs.jhu.edu/~yarowsky/601.415.mid2016.pdf
http://www.cs.jhu.edu/~yarowsky/601.415.mid2016sol.pdf
http://www.cs.jhu.edu/~yarowsky/601.415.mid2016sol2.pdf
http://www.cs.jhu.edu/~yarowsky/601.415.mid2016tables.pdf
http://www.cs.jhu.edu/~yarowsky/601.415.pr1.pdf
http://www.cs.jhu.edu/~yarowsky/601.415.pr2.pdf
http://www.cs.jhu.edu/~yarowsky/601.466.hw1.pdf
http://www.cs.jhu.edu/~yarowsky/601.466.hw2.pdf
http://www.cs.jhu.edu/~yarowsky/601.466.hw3.pdf
http://www.cs.jhu.edu/~yarowsky/601.466.hw4.pdf
http://www.cs.jhu.edu/~yarowsky/601.466.pr.pdf
http://www.cs.jhu.edu/~yarowsky/DB_HW3/
http://www.cs.jhu.edu/~yarowsky/PHP_MySQL_StoredProcedures.pdf
http://www.cs.jhu.edu/~yarowsky/PHP_MySQL_Web.pdf
http://www.cs.jhu.edu/~yarowsky/about-sigdat.html
http://www.cs.jhu.edu/~yarowsky/comparative.pdf
http://www.cs.jhu.edu/~yarowsky/constitution.html
http://www.cs.jhu.edu/~yarowsky/cs415.notes.html
http://www.cs.jhu.edu/~yarowsky/cs415slides/index3.html
http://www.cs.jhu.edu/~yarowsky/cs466.pdf
http://www.cs.jhu.edu/~yarowsky/cs466slides/
http://www.cs.jhu.edu/~yarowsky/join_sigdat.html
http://www.cs.jhu.edu/~yarowsky/mysql-demo.pdf
http://www.cs.jhu.edu/~yarowsky/pdfpubs/hlt2001.pdf
http://www.cs.jhu.edu/~yarowsky/plsql.pdf
http://www.cs.jhu.edu/~yarowsky/sigdat-committee.html
http://www.cs.jhu.edu/~yarowsky/sigdat_survey_2010.html
http://www.cs.jhu.edu/~yarowsky/syllabus.415.pdf
http://www.cs.jhu.edu/~yarowsky/wvlc6.html
https://www.cs.jhu.edu/
https://www.cs.jhu.edu/2018/02/21/hacker-resistant-software-hawaii-power-grid/#.Wo3f5Kjwbcs
https://www.cs.jhu.edu/2018/03/30/app-parkinsons-severity-medpage/#.Wr5dm4jwZaQ
https://www.cs.jhu.edu/2018/04/06/new-heart-seminar-course-explores-algorithms-and-computational-complexity-theory/
https://www.cs.jhu.edu/2018/04/06/new-heart-seminar-course-explores-algorithms-and-computational-complexity-theory/#.WseI5ojwZaQ
https://www.cs.jhu.edu/2018/04/09/smartphone-app-can-help-doctors-track-severity-of-parkinsons-symptoms/
https://www.cs.jhu.edu/2018/04/10/welcome-reatha-holt-new-sr-administrative-coordinator-for-cs-and-jhuisi/
https://www.cs.jhu.edu/about/
https://www.cs.jhu.edu/about/contact/
https://www.cs.jhu.edu/about/employment-opportunities/
https://www.cs.jhu.edu/academic-integrity-code/
https://www.cs.jhu.edu/adminsupport/
https://www.cs.jhu.edu/adminsupport/faculty/
https://www.cs.jhu.edu/adminsupport/graduate-students/
https://www.cs.jhu.edu/adminsupport/undergraduate-students/
https://www.cs.jhu.edu/alumni-giving/
https://www.cs.jhu.edu/calendar/
https://www.cs.jhu.edu/calendar/action~oneday/exact_date~4-17-2018/
https://www.cs.jhu.edu/calendar/action~oneday/exact_date~4-19-2018/
https://www.cs.jhu.edu/calendar/action~oneday/exact_date~4-26-2018/
https://www.cs.jhu.edu/campus-visit/
https://www.cs.jhu.edu/category/student-profile/
https://www.cs.jhu.edu/course-info/
https://www.cs.jhu.edu/cs-newsletter/
https://www.cs.jhu.edu/events/distinguished-lecturer-jeff-dean-google-the-deep-learning-revolution-in-building-intelligent-computer-systems/?instance_id=1872862
https://www.cs.jhu.edu/events/ravi-netravali-mit-improving-web-applications-with-fine-grained-data-flows/?instance_id=1872920
https://www.cs.jhu.edu/events/yisong-yue-caltech-new-frontiers-in-imitation-learning/?instance_id=1872933
https://www.cs.jhu.edu/faculty
https://www.cs.jhu.edu/graduate-studies/
https://www.cs.jhu.edu/graduate-studies/academic-resources-grad/
https://www.cs.jhu.edu/graduate-studies/graduate-admissions-information/
https://www.cs.jhu.edu/graduate-studies/graduate-admissions-information/graduate-admissions-faq/
https://www.cs.jhu.edu/graduate-studies/graduate-life/
https://www.cs.jhu.edu/graduate-studies/masters-program/
https://www.cs.jhu.edu/graduate-studies/phd-program/
https://www.cs.jhu.edu/graduate-studies/phd-requirements/
https://www.cs.jhu.edu/it-staff/
https://www.cs.jhu.edu/it/
https://www.cs.jhu.edu/mailman/listinfo/sem
https://www.cs.jhu.edu/news-events/
https://www.cs.jhu.edu/news-events/news-articles
https://www.cs.jhu.edu/news-events/news-articles/
https://www.cs.jhu.edu/news-events/pluggedin/
https://www.cs.jhu.edu/people
https://www.cs.jhu.edu/people/advisory-board/
https://www.cs.jhu.edu/people/cs-affiliates/
https://www.cs.jhu.edu/people/phd-graduates/
https://www.cs.jhu.edu/people/research-staff/
